[debug] [2021-07-29T23:15:09.158Z] ----------------------------------------------------------------------
[debug] [2021-07-29T23:15:09.162Z] Command:       C:\Program Files\nodejs\node.exe C:\Users\DELL\AppData\Roaming\npm\node_modules\firebase-tools\lib\bin\firebase.js deploy --only hosting:unicornclothing
[debug] [2021-07-29T23:15:09.162Z] CLI Version:   9.10.0
[debug] [2021-07-29T23:15:09.163Z] Platform:      win32
[debug] [2021-07-29T23:15:09.163Z] Node Version:  v12.16.3
[debug] [2021-07-29T23:15:09.173Z] Time:          Thu Jul 29 2021 23:15:09 GMT+0000 (Greenwich Mean Time)
[debug] [2021-07-29T23:15:09.174Z] ----------------------------------------------------------------------
[debug] 
[debug] [2021-07-29T23:15:09.220Z] > command requires scopes: ["email","openid","https://www.googleapis.com/auth/cloudplatformprojects.readonly","https://www.googleapis.com/auth/firebase","https://www.googleapis.com/auth/cloud-platform"]
[debug] [2021-07-29T23:15:09.220Z] > authorizing via signed-in user (kingsleygyekye@gmail.com)
[debug] [2021-07-29T23:15:09.220Z] [iam] checking project e-commerce-a7592 for permissions ["firebase.projects.get","firebasehosting.sites.update"]
[debug] [2021-07-29T23:15:09.227Z] > refreshing access token with scopes: ["email","https://www.googleapis.com/auth/cloud-platform","https://www.googleapis.com/auth/cloudplatformprojects.readonly","https://www.googleapis.com/auth/firebase","openid"]
[debug] [2021-07-29T23:15:09.227Z] >>> HTTP REQUEST POST https://www.googleapis.com/oauth2/v3/token  
 <request body omitted>
[debug] [2021-07-29T23:15:10.801Z] <<< HTTP RESPONSE 200 {"date":"Thu, 29 Jul 2021 23:15:13 GMT","pragma":"no-cache","cache-control":"no-cache, no-store, max-age=0, must-revalidate","expires":"Mon, 01 Jan 1990 00:00:00 GMT","content-type":"application/json; charset=utf-8","vary":"X-Origin, Referer, Origin,Accept-Encoding","server":"scaffolding on HTTPServer2","x-xss-protection":"0","x-frame-options":"SAMEORIGIN","x-content-type-options":"nosniff","alt-svc":"h3=\":443\"; ma=2592000,h3-29=\":443\"; ma=2592000,h3-T051=\":443\"; ma=2592000,h3-Q050=\":443\"; ma=2592000,h3-Q046=\":443\"; ma=2592000,h3-Q043=\":443\"; ma=2592000,quic=\":443\"; ma=2592000; v=\"46,43\"","accept-ranges":"none","transfer-encoding":"chunked"}
[debug] [2021-07-29T23:15:10.832Z] >>> HTTP REQUEST POST https://cloudresourcemanager.googleapis.com/v1/projects/e-commerce-a7592:testIamPermissions  
 {"permissions":["firebase.projects.get","firebasehosting.sites.update"]}
[debug] [2021-07-29T23:15:12.799Z] <<< HTTP RESPONSE 200 {"content-type":"application/json; charset=UTF-8","vary":"X-Origin, Referer, Origin,Accept-Encoding","date":"Thu, 29 Jul 2021 23:15:15 GMT","server":"ESF","cache-control":"private","x-xss-protection":"0","x-frame-options":"SAMEORIGIN","x-content-type-options":"nosniff","server-timing":"gfet4t7; dur=1105","alt-svc":"h3=\":443\"; ma=2592000,h3-29=\":443\"; ma=2592000,h3-T051=\":443\"; ma=2592000,h3-Q050=\":443\"; ma=2592000,h3-Q046=\":443\"; ma=2592000,h3-Q043=\":443\"; ma=2592000,quic=\":443\"; ma=2592000; v=\"46,43\"","accept-ranges":"none","transfer-encoding":"chunked"}
[debug] [2021-07-29T23:15:12.805Z] > refreshing access token with scopes: []
[debug] [2021-07-29T23:15:12.806Z] >>> HTTP REQUEST POST https://www.googleapis.com/oauth2/v3/token  
 <request body omitted>
[debug] [2021-07-29T23:15:13.813Z] <<< HTTP RESPONSE 200 {"pragma":"no-cache","expires":"Mon, 01 Jan 1990 00:00:00 GMT","date":"Thu, 29 Jul 2021 23:15:16 GMT","cache-control":"no-cache, no-store, max-age=0, must-revalidate","content-type":"application/json; charset=utf-8","vary":"X-Origin, Referer, Origin,Accept-Encoding","server":"scaffolding on HTTPServer2","x-xss-protection":"0","x-frame-options":"SAMEORIGIN","x-content-type-options":"nosniff","alt-svc":"h3=\":443\"; ma=2592000,h3-29=\":443\"; ma=2592000,h3-T051=\":443\"; ma=2592000,h3-Q050=\":443\"; ma=2592000,h3-Q046=\":443\"; ma=2592000,h3-Q043=\":443\"; ma=2592000,quic=\":443\"; ma=2592000; v=\"46,43\"","accept-ranges":"none","transfer-encoding":"chunked"}
[debug] [2021-07-29T23:15:13.848Z] >>> [apiv2][query] GET https://firebase.googleapis.com/v1beta1/projects/e-commerce-a7592 [none]
[debug] [2021-07-29T23:15:15.382Z] <<< [apiv2][status] GET https://firebase.googleapis.com/v1beta1/projects/e-commerce-a7592 200
[debug] [2021-07-29T23:15:15.383Z] <<< [apiv2][body] GET https://firebase.googleapis.com/v1beta1/projects/e-commerce-a7592 {"projectId":"e-commerce-a7592","projectNumber":"308076184321","displayName":"Unicorn Clothing","name":"projects/e-commerce-a7592","resources":{"hostingSite":"e-commerce-a7592","storageBucket":"e-commerce-a7592.appspot.com","locationId":"us-central"},"state":"ACTIVE"}
[info] 
[info] === Deploying to 'e-commerce-a7592'...
[info] 
[info] i  deploying hosting 
[debug] [2021-07-29T23:15:15.406Z] > refreshing access token with scopes: ["email","https://www.googleapis.com/auth/cloud-platform","https://www.googleapis.com/auth/cloudplatformprojects.readonly","https://www.googleapis.com/auth/firebase","openid"]
[debug] [2021-07-29T23:15:15.406Z] >>> HTTP REQUEST POST https://www.googleapis.com/oauth2/v3/token  
 <request body omitted>
[debug] [2021-07-29T23:15:16.100Z] <<< HTTP RESPONSE 200 {"cache-control":"no-cache, no-store, max-age=0, must-revalidate","date":"Thu, 29 Jul 2021 23:15:18 GMT","pragma":"no-cache","expires":"Mon, 01 Jan 1990 00:00:00 GMT","content-type":"application/json; charset=utf-8","vary":"X-Origin, Referer, Origin,Accept-Encoding","server":"scaffolding on HTTPServer2","x-xss-protection":"0","x-frame-options":"SAMEORIGIN","x-content-type-options":"nosniff","alt-svc":"h3=\":443\"; ma=2592000,h3-29=\":443\"; ma=2592000,h3-T051=\":443\"; ma=2592000,h3-Q050=\":443\"; ma=2592000,h3-Q046=\":443\"; ma=2592000,h3-Q043=\":443\"; ma=2592000,quic=\":443\"; ma=2592000; v=\"46,43\"","accept-ranges":"none","transfer-encoding":"chunked"}
[debug] [2021-07-29T23:15:16.112Z] >>> HTTP REQUEST POST https://firebasehosting.googleapis.com/v1beta1/sites/unicornclothing/versions  
 {"config":{"rewrites":[{"glob":"**","path":"/index.html"}]},"labels":{"deployment-tool":"cli-firebase"}}
[debug] [2021-07-29T23:15:18.923Z] <<< HTTP RESPONSE 200 {"content-type":"application/json; charset=UTF-8","vary":"X-Origin, Referer, Origin,Accept-Encoding","date":"Thu, 29 Jul 2021 23:15:21 GMT","server":"ESF","cache-control":"private","x-xss-protection":"0","x-frame-options":"SAMEORIGIN","x-content-type-options":"nosniff","alt-svc":"h3=\":443\"; ma=2592000,h3-29=\":443\"; ma=2592000,h3-T051=\":443\"; ma=2592000,h3-Q050=\":443\"; ma=2592000,h3-Q046=\":443\"; ma=2592000,h3-Q043=\":443\"; ma=2592000,quic=\":443\"; ma=2592000; v=\"46,43\"","accept-ranges":"none","transfer-encoding":"chunked"}
[info] i  hosting[unicornclothing]: beginning deploy... 
[info] i  hosting[unicornclothing]: found 23 files in build 
[debug] [2021-07-29T23:15:19.853Z] > refreshing access token with scopes: []
[debug] [2021-07-29T23:15:19.854Z] >>> HTTP REQUEST POST https://www.googleapis.com/oauth2/v3/token  
 <request body omitted>
[debug] [2021-07-29T23:15:19.858Z] [hosting] hash cache [YnVpbGQ] stored for 23 files
[debug] [2021-07-29T23:15:19.858Z] [hosting][hash queue][FINAL] {"max":824,"min":12,"avg":81.82608695652173,"active":0,"complete":23,"success":23,"errored":0,"retried":0,"total":23,"elapsed":840}
[debug] [2021-07-29T23:15:20.933Z] <<< HTTP RESPONSE 200 {"expires":"Mon, 01 Jan 1990 00:00:00 GMT","date":"Thu, 29 Jul 2021 23:15:23 GMT","pragma":"no-cache","cache-control":"no-cache, no-store, max-age=0, must-revalidate","content-type":"application/json; charset=utf-8","vary":"X-Origin, Referer, Origin,Accept-Encoding","server":"scaffolding on HTTPServer2","x-xss-protection":"0","x-frame-options":"SAMEORIGIN","x-content-type-options":"nosniff","alt-svc":"h3=\":443\"; ma=2592000,h3-29=\":443\"; ma=2592000,h3-T051=\":443\"; ma=2592000,h3-Q050=\":443\"; ma=2592000,h3-Q046=\":443\"; ma=2592000,h3-Q043=\":443\"; ma=2592000,quic=\":443\"; ma=2592000; v=\"46,43\"","accept-ranges":"none","transfer-encoding":"chunked"}
[debug] [2021-07-29T23:15:21.002Z] >>> [apiv2][query] POST https://firebasehosting.googleapis.com/v1beta1/sites/unicornclothing/versions/d33872ef7d3d3dd5:populateFiles [none]
[debug] [2021-07-29T23:15:21.003Z] >>> [apiv2][body] POST https://firebasehosting.googleapis.com/v1beta1/sites/unicornclothing/versions/d33872ef7d3d3dd5:populateFiles {"files":{"/favicon.ico":"cf231ec80cd19b06e95cacf847a273c53387b800066e6f3da35a1ac3e57f4e58","/logo192.png":"3ee59515172ee198f3be375979df15ac5345183e656720a381b8872b2a39dc8b","/logo512.png":"ee7e2f3fdb8209c4b6fd7bef6ba50d1b9dba30a25bb5c3126df057e1cb6f5331","/manifest.json":"aff3449bdc238776f5d6d967f19ec491b36aed5fb7f23ccff6500736fd58494a","/robots.txt":"bfe106a3fb878dc83461c86818bf74fc1bdc7f28538ba613cd3e775516ce8b49","/asset-manifest.json":"3fe1ad4553ffe0621ebbb8c52ff1ca7096d9b3a8a8acaf3ee8fb65d2abc03416","/index.html":"4669730eda03e433e9dc9aaa1ffcb3098769831c6a4d352533ca0026f418c6fa","/static/css/main.48358fc3.chunk.css":"7f38418dd7043881e9ea91eee624d5be04218cb4d4f63bc0e5aa2653b8a903e6","/static/css/main.48358fc3.chunk.css.map":"859c8ba540a12e268fcfd8de85037aee7782f2d183f38c260a7350c7b4be228f","/static/js/2.23059248.chunk.js.LICENSE.txt":"ac23f22c212c315fc83f00fe4670b0a13af5f7b8716ba4194531043e1b68910e","/static/js/3.74e8e37d.chunk.js":"f10ad2940ca0f90bc453c04a2925a655e0d9260a09dd77d4a215ac751d554922","/static/js/3.74e8e37d.chunk.js.map":"01b6566a4e2d7afe98476fe2be358e08c14d1a62afebd84d03a4aa7ef0e973b2","/static/js/main.73a364a4.chunk.js":"9c67e252899db79f144bc9fef1142e0eb6c18c39bd41f402a16ce9cd90302aba","/static/js/runtime-main.37a0b859.js":"0388a682fe5323c5a0cf7bbdad1d72a7bd0c1b189e8127638231220396c08fc3","/static/js/runtime-main.37a0b859.js.map":"751eed63835ccf34d119e627a4973620b2f85659f092a1f06b4e0d267218702c","/static/media/026-delete.c3429795.svg":"608b3bfa72b4b16b3c8ee88eed065b6c34fcce420a3014b9a985e16332c4545d","/static/media/shopping-bag.6b3c5403.svg":"123941992cef2f87159d6ab54aa174046adec406cff6873263b1eddff21bbd86","/static/css/2.4be38407.chunk.css":"55f36a15e63b52cf6fe4504353524c2fdae3d57f9d7d6650539dcb7c836659c4","/static/js/main.73a364a4.chunk.js.map":"d9d7d5624da578c1d3a1abbc6b0897327f74bba8f48748a851ff6e1737b728ef","/static/css/2.4be38407.chunk.css.map":"354d84179347b00843fe7c3769d13a771dbcedd5a1061043289011bf925b4b80","/static/js/2.23059248.chunk.js":"8e025b96bd564de8e0e6d977deb87f4ad957e3fe44cca168819aff411bf09750","/static/media/fashion5.a0f25aaa.jpg":"56026c5605abe24e042f22d4e817dc7985b60929b041adee2bc358783159b876","/static/js/2.23059248.chunk.js.map":"826ff9660dbed71e3ca0fa1f346fb307678e7aae6d38215c7f429c89fa7b3458"}}
[debug] [2021-07-29T23:15:23.456Z] <<< [apiv2][status] POST https://firebasehosting.googleapis.com/v1beta1/sites/unicornclothing/versions/d33872ef7d3d3dd5:populateFiles 200
[debug] [2021-07-29T23:15:23.457Z] <<< [apiv2][body] POST https://firebasehosting.googleapis.com/v1beta1/sites/unicornclothing/versions/d33872ef7d3d3dd5:populateFiles {"uploadRequiredHashes":["859c8ba540a12e268fcfd8de85037aee7782f2d183f38c260a7350c7b4be228f","354d84179347b00843fe7c3769d13a771dbcedd5a1061043289011bf925b4b80","751eed63835ccf34d119e627a4973620b2f85659f092a1f06b4e0d267218702c","0388a682fe5323c5a0cf7bbdad1d72a7bd0c1b189e8127638231220396c08fc3","f10ad2940ca0f90bc453c04a2925a655e0d9260a09dd77d4a215ac751d554922","55f36a15e63b52cf6fe4504353524c2fdae3d57f9d7d6650539dcb7c836659c4","3fe1ad4553ffe0621ebbb8c52ff1ca7096d9b3a8a8acaf3ee8fb65d2abc03416","01b6566a4e2d7afe98476fe2be358e08c14d1a62afebd84d03a4aa7ef0e973b2","9c67e252899db79f144bc9fef1142e0eb6c18c39bd41f402a16ce9cd90302aba","8e025b96bd564de8e0e6d977deb87f4ad957e3fe44cca168819aff411bf09750","826ff9660dbed71e3ca0fa1f346fb307678e7aae6d38215c7f429c89fa7b3458","7f38418dd7043881e9ea91eee624d5be04218cb4d4f63bc0e5aa2653b8a903e6","ac23f22c212c315fc83f00fe4670b0a13af5f7b8716ba4194531043e1b68910e","d9d7d5624da578c1d3a1abbc6b0897327f74bba8f48748a851ff6e1737b728ef","4669730eda03e433e9dc9aaa1ffcb3098769831c6a4d352533ca0026f418c6fa"],"uploadUrl":"https://upload-firebasehosting.googleapis.com/upload/sites/unicornclothing/versions/d33872ef7d3d3dd5/files"}
[debug] [2021-07-29T23:15:23.475Z] >>> [apiv2][query] POST https://upload-firebasehosting.googleapis.com/upload/sites/unicornclothing/versions/d33872ef7d3d3dd5/files/859c8ba540a12e268fcfd8de85037aee7782f2d183f38c260a7350c7b4be228f [none]
[debug] [2021-07-29T23:15:23.475Z] >>> [apiv2][body] POST https://upload-firebasehosting.googleapis.com/upload/sites/unicornclothing/versions/d33872ef7d3d3dd5/files/859c8ba540a12e268fcfd8de85037aee7782f2d183f38c260a7350c7b4be228f [stream]
[debug] [2021-07-29T23:15:23.477Z] >>> [apiv2][query] POST https://upload-firebasehosting.googleapis.com/upload/sites/unicornclothing/versions/d33872ef7d3d3dd5/files/354d84179347b00843fe7c3769d13a771dbcedd5a1061043289011bf925b4b80 [none]
[debug] [2021-07-29T23:15:23.478Z] >>> [apiv2][body] POST https://upload-firebasehosting.googleapis.com/upload/sites/unicornclothing/versions/d33872ef7d3d3dd5/files/354d84179347b00843fe7c3769d13a771dbcedd5a1061043289011bf925b4b80 [stream]
[debug] [2021-07-29T23:15:23.479Z] >>> [apiv2][query] POST https://upload-firebasehosting.googleapis.com/upload/sites/unicornclothing/versions/d33872ef7d3d3dd5/files/751eed63835ccf34d119e627a4973620b2f85659f092a1f06b4e0d267218702c [none]
[debug] [2021-07-29T23:15:23.479Z] >>> [apiv2][body] POST https://upload-firebasehosting.googleapis.com/upload/sites/unicornclothing/versions/d33872ef7d3d3dd5/files/751eed63835ccf34d119e627a4973620b2f85659f092a1f06b4e0d267218702c [stream]
[debug] [2021-07-29T23:15:23.480Z] >>> [apiv2][query] POST https://upload-firebasehosting.googleapis.com/upload/sites/unicornclothing/versions/d33872ef7d3d3dd5/files/0388a682fe5323c5a0cf7bbdad1d72a7bd0c1b189e8127638231220396c08fc3 [none]
[debug] [2021-07-29T23:15:23.480Z] >>> [apiv2][body] POST https://upload-firebasehosting.googleapis.com/upload/sites/unicornclothing/versions/d33872ef7d3d3dd5/files/0388a682fe5323c5a0cf7bbdad1d72a7bd0c1b189e8127638231220396c08fc3 [stream]
[debug] [2021-07-29T23:15:23.484Z] >>> [apiv2][query] POST https://upload-firebasehosting.googleapis.com/upload/sites/unicornclothing/versions/d33872ef7d3d3dd5/files/f10ad2940ca0f90bc453c04a2925a655e0d9260a09dd77d4a215ac751d554922 [none]
[debug] [2021-07-29T23:15:23.484Z] >>> [apiv2][body] POST https://upload-firebasehosting.googleapis.com/upload/sites/unicornclothing/versions/d33872ef7d3d3dd5/files/f10ad2940ca0f90bc453c04a2925a655e0d9260a09dd77d4a215ac751d554922 [stream]
[debug] [2021-07-29T23:15:23.485Z] >>> [apiv2][query] POST https://upload-firebasehosting.googleapis.com/upload/sites/unicornclothing/versions/d33872ef7d3d3dd5/files/55f36a15e63b52cf6fe4504353524c2fdae3d57f9d7d6650539dcb7c836659c4 [none]
[debug] [2021-07-29T23:15:23.485Z] >>> [apiv2][body] POST https://upload-firebasehosting.googleapis.com/upload/sites/unicornclothing/versions/d33872ef7d3d3dd5/files/55f36a15e63b52cf6fe4504353524c2fdae3d57f9d7d6650539dcb7c836659c4 [stream]
[debug] [2021-07-29T23:15:23.486Z] >>> [apiv2][query] POST https://upload-firebasehosting.googleapis.com/upload/sites/unicornclothing/versions/d33872ef7d3d3dd5/files/3fe1ad4553ffe0621ebbb8c52ff1ca7096d9b3a8a8acaf3ee8fb65d2abc03416 [none]
[debug] [2021-07-29T23:15:23.486Z] >>> [apiv2][body] POST https://upload-firebasehosting.googleapis.com/upload/sites/unicornclothing/versions/d33872ef7d3d3dd5/files/3fe1ad4553ffe0621ebbb8c52ff1ca7096d9b3a8a8acaf3ee8fb65d2abc03416 [stream]
[debug] [2021-07-29T23:15:23.487Z] >>> [apiv2][query] POST https://upload-firebasehosting.googleapis.com/upload/sites/unicornclothing/versions/d33872ef7d3d3dd5/files/01b6566a4e2d7afe98476fe2be358e08c14d1a62afebd84d03a4aa7ef0e973b2 [none]
[debug] [2021-07-29T23:15:23.487Z] >>> [apiv2][body] POST https://upload-firebasehosting.googleapis.com/upload/sites/unicornclothing/versions/d33872ef7d3d3dd5/files/01b6566a4e2d7afe98476fe2be358e08c14d1a62afebd84d03a4aa7ef0e973b2 [stream]
[debug] [2021-07-29T23:15:23.488Z] >>> [apiv2][query] POST https://upload-firebasehosting.googleapis.com/upload/sites/unicornclothing/versions/d33872ef7d3d3dd5/files/9c67e252899db79f144bc9fef1142e0eb6c18c39bd41f402a16ce9cd90302aba [none]
[debug] [2021-07-29T23:15:23.488Z] >>> [apiv2][body] POST https://upload-firebasehosting.googleapis.com/upload/sites/unicornclothing/versions/d33872ef7d3d3dd5/files/9c67e252899db79f144bc9fef1142e0eb6c18c39bd41f402a16ce9cd90302aba [stream]
[debug] [2021-07-29T23:15:23.489Z] >>> [apiv2][query] POST https://upload-firebasehosting.googleapis.com/upload/sites/unicornclothing/versions/d33872ef7d3d3dd5/files/8e025b96bd564de8e0e6d977deb87f4ad957e3fe44cca168819aff411bf09750 [none]
[debug] [2021-07-29T23:15:23.489Z] >>> [apiv2][body] POST https://upload-firebasehosting.googleapis.com/upload/sites/unicornclothing/versions/d33872ef7d3d3dd5/files/8e025b96bd564de8e0e6d977deb87f4ad957e3fe44cca168819aff411bf09750 [stream]
[debug] [2021-07-29T23:15:23.490Z] >>> [apiv2][query] POST https://upload-firebasehosting.googleapis.com/upload/sites/unicornclothing/versions/d33872ef7d3d3dd5/files/826ff9660dbed71e3ca0fa1f346fb307678e7aae6d38215c7f429c89fa7b3458 [none]
[debug] [2021-07-29T23:15:23.490Z] >>> [apiv2][body] POST https://upload-firebasehosting.googleapis.com/upload/sites/unicornclothing/versions/d33872ef7d3d3dd5/files/826ff9660dbed71e3ca0fa1f346fb307678e7aae6d38215c7f429c89fa7b3458 [stream]
[debug] [2021-07-29T23:15:23.491Z] >>> [apiv2][query] POST https://upload-firebasehosting.googleapis.com/upload/sites/unicornclothing/versions/d33872ef7d3d3dd5/files/7f38418dd7043881e9ea91eee624d5be04218cb4d4f63bc0e5aa2653b8a903e6 [none]
[debug] [2021-07-29T23:15:23.491Z] >>> [apiv2][body] POST https://upload-firebasehosting.googleapis.com/upload/sites/unicornclothing/versions/d33872ef7d3d3dd5/files/7f38418dd7043881e9ea91eee624d5be04218cb4d4f63bc0e5aa2653b8a903e6 [stream]
[debug] [2021-07-29T23:15:23.492Z] >>> [apiv2][query] POST https://upload-firebasehosting.googleapis.com/upload/sites/unicornclothing/versions/d33872ef7d3d3dd5/files/ac23f22c212c315fc83f00fe4670b0a13af5f7b8716ba4194531043e1b68910e [none]
[debug] [2021-07-29T23:15:23.495Z] >>> [apiv2][body] POST https://upload-firebasehosting.googleapis.com/upload/sites/unicornclothing/versions/d33872ef7d3d3dd5/files/ac23f22c212c315fc83f00fe4670b0a13af5f7b8716ba4194531043e1b68910e [stream]
[debug] [2021-07-29T23:15:23.496Z] >>> [apiv2][query] POST https://upload-firebasehosting.googleapis.com/upload/sites/unicornclothing/versions/d33872ef7d3d3dd5/files/d9d7d5624da578c1d3a1abbc6b0897327f74bba8f48748a851ff6e1737b728ef [none]
[debug] [2021-07-29T23:15:23.496Z] >>> [apiv2][body] POST https://upload-firebasehosting.googleapis.com/upload/sites/unicornclothing/versions/d33872ef7d3d3dd5/files/d9d7d5624da578c1d3a1abbc6b0897327f74bba8f48748a851ff6e1737b728ef [stream]
[debug] [2021-07-29T23:15:23.498Z] >>> [apiv2][query] POST https://upload-firebasehosting.googleapis.com/upload/sites/unicornclothing/versions/d33872ef7d3d3dd5/files/4669730eda03e433e9dc9aaa1ffcb3098769831c6a4d352533ca0026f418c6fa [none]
[debug] [2021-07-29T23:15:23.498Z] >>> [apiv2][body] POST https://upload-firebasehosting.googleapis.com/upload/sites/unicornclothing/versions/d33872ef7d3d3dd5/files/4669730eda03e433e9dc9aaa1ffcb3098769831c6a4d352533ca0026f418c6fa [stream]
[debug] [2021-07-29T23:15:23.500Z] [hosting][populate queue][FINAL] {"max":3621,"min":3621,"avg":3621,"active":0,"complete":1,"success":1,"errored":0,"retried":0,"total":1,"elapsed":3647}
[debug] [2021-07-29T23:15:23.501Z] [hosting] uploads queued: 15
